This is pdfTeX, Version 3.14159265-2.6-1.40.18 (TeX Live 2017/Debian) (preloaded format=pdflatex 2018.5.6)  7 MAY 2018 15:40
entering extended mode
 restricted \write18 enabled.
 %&-line parsing enabled.
**/home/urosjarc/vcs/aloneness/latex/book/english/question
(/home/urosjarc/vcs/aloneness/latex/book/english/question.tex
LaTeX2e <2017-04-15>
Babel <3.12> and hyphenation patterns for 84 language(s) loaded.

! LaTeX Error: Missing \begin{document}.

See the LaTeX manual or LaTeX Companion for explanation.
Type  H <return>  for immediate help.
 ...                                              
                                                  
l.1 S
     omebody asked a zen master, 
Here is how much of TeX's memory you used:
 7 strings out of 492990
 413 string characters out of 6135006
 53780 words of memory out of 5000000
 3663 multiletter control sequences out of 15000+600000
 3640 words of font info for 14 fonts, out of 8000000 for 9000
 1141 hyphenation exceptions out of 8191
 5i,0n,4p,87b,14s stack positions out of 5000i,500n,10000p,200000b,80000s

!  ==> Fatal error occurred, no output PDF file produced!
